<?xml version="1.0" encoding="UTF-8"?>
<testng-results skipped="0" failed="0" ignored="0" total="1" passed="1">
  <reporter-output>
  </reporter-output>
  <suite name="TestSuite" duration-ms="109369" started-at="2019-06-30T15:14:19Z" finished-at="2019-06-30T15:16:08Z">
    <groups>
      <group name="cucumber">
        <method signature="AbstractTestNGCucumberTests.feature(cucumber.api.testng.CucumberFeatureWrapper)[pri:0, instance:runners.TestRunner@4cb2c100]" name="feature" class="cucumber.api.testng.AbstractTestNGCucumberTests"/>
      </group> <!-- cucumber -->
    </groups>
    <test name="AEOTest" duration-ms="109369" started-at="2019-06-30T15:14:19Z" finished-at="2019-06-30T15:16:08Z">
      <class name="runners.TestRunner">
        <test-method status="PASS" signature="setUpClass()[pri:0, instance:runners.TestRunner@4cb2c100]" name="setUpClass" is-config="true" duration-ms="436" started-at="2019-06-30T15:14:19Z" finished-at="2019-06-30T15:14:19Z">
          <reporter-output>
          </reporter-output>
        </test-method> <!-- setUpClass -->
        <test-method status="PASS" signature="feature(cucumber.api.testng.CucumberFeatureWrapper)[pri:0, instance:runners.TestRunner@4cb2c100]" name="feature" duration-ms="108689" started-at="2019-06-30T15:14:19Z" description="Runs Cucumber Feature" data-provider="features" finished-at="2019-06-30T15:16:08Z">
          <params>
            <param index="0">
              <value>
                <![CDATA[Test AEO Place Order Function]]>
              </value>
            </param>
          </params>
          <reporter-output>
          </reporter-output>
        </test-method> <!-- feature -->
        <test-method status="PASS" signature="tearDownClass()[pri:0, instance:runners.TestRunner@4cb2c100]" name="tearDownClass" is-config="true" duration-ms="54" started-at="2019-06-30T15:16:08Z" finished-at="2019-06-30T15:16:08Z">
          <reporter-output>
          </reporter-output>
        </test-method> <!-- tearDownClass -->
      </class> <!-- runners.TestRunner -->
    </test> <!-- AEOTest -->
  </suite> <!-- TestSuite -->
</testng-results>
